{
  "0 debug pnpm:scope": {
    "selected": 1,
    "workspacePrefix": "/Users/lisy/Documents/learn/components/smarty-ui-vite"
  },
  "1 error pnpm": {
    "errno": 1,
    "code": "ELIFECYCLE",
    "pkgid": "my-lisy-components@0.1.0",
    "stage": "build",
    "script": "vite build",
    "pkgname": "my-lisy-components",
    "err": {
      "name": "pnpm",
      "message": "my-lisy-components@0.1.0 build: `vite build`\nExit status 1",
      "code": "ELIFECYCLE",
      "stack": "pnpm: my-lisy-components@0.1.0 build: `vite build`\nExit status 1\n    at EventEmitter.<anonymous> (/usr/local/lib/node_modules/pnpm/dist/pnpm.cjs:105724:20)\n    at EventEmitter.emit (node:events:526:28)\n    at ChildProcess.<anonymous> (/usr/local/lib/node_modules/pnpm/dist/pnpm.cjs:92285:18)\n    at ChildProcess.emit (node:events:526:28)\n    at maybeClose (node:internal/child_process:1092:16)\n    at Process.ChildProcess._handle.onexit (node:internal/child_process:302:5)"
    }
  },
  "2 warn pnpm:global": " Local package.json exists, but node_modules missing, did you mean to install?"
}